<?xml version="1.0" encoding="UTF-8"?>
<testng-results ignored="0" total="2" passed="1" failed="1" skipped="0">
  <reporter-output>
    <line>
      <![CDATA[Element is present in the page]]>
    </line>
    <line>
      <![CDATA[Si fue posible realizar scroll en el web element ---> <b> xpath: //input[contains(@name,'username')]]</b>]]>
    </line>
    <line>
      <![CDATA[El texto a ingresar es: a]]>
    </line>
    <line>
      <![CDATA[Si fue posible realizar scroll en el web element ---> <b> xpath: //input[contains(@name,'password')]]</b>]]>
    </line>
    <line>
      <![CDATA[El texto a ingresar es: a]]>
    </line>
    <line>
      <![CDATA[Element is present in the page]]>
    </line>
    <line>
      <![CDATA[Si fue posible realizar scroll en el web element ---> <b> xpath: //input[contains(@name,'username')]]</b>]]>
    </line>
    <line>
      <![CDATA[El texto a ingresar es: Admin]]>
    </line>
    <line>
      <![CDATA[Si fue posible realizar scroll en el web element ---> <b> xpath: //input[contains(@name,'password')]]</b>]]>
    </line>
    <line>
      <![CDATA[El texto a ingresar es: admin123]]>
    </line>
    <line>
      <![CDATA[el driver se ha cerrado]]>
    </line>
  </reporter-output>
  <suite started-at="2022-11-02T00:36:43 CST" name="Default suite" finished-at="2022-11-02T00:38:13 CST" duration-ms="89574">
    <groups>
    </groups>
    <test started-at="2022-11-02T00:36:43 CST" name="Default test" finished-at="2022-11-02T00:38:13 CST" duration-ms="89574">
      <class name="base.TestOrange">
        <test-method is-config="true" signature="abrirExplorador()[pri:0, instance:base.TestOrange@f5acb9d]" started-at="2022-11-02T00:36:43 CST" name="abrirExplorador" finished-at="2022-11-02T00:37:09 CST" duration-ms="25822" status="PASS">
          <reporter-output>
          </reporter-output>
        </test-method> <!-- abrirExplorador -->
        <test-method signature="errorlogin()[pri:0, instance:base.TestOrange@f5acb9d]" started-at="2022-11-02T00:37:09 CST" name="errorlogin" finished-at="2022-11-02T00:37:35 CST" duration-ms="26323" status="PASS">
          <reporter-output>
            <line>
              <![CDATA[Element is present in the page]]>
            </line>
            <line>
              <![CDATA[Si fue posible realizar scroll en el web element ---> <b> xpath: //input[contains(@name,'username')]]</b>]]>
            </line>
            <line>
              <![CDATA[El texto a ingresar es: a]]>
            </line>
            <line>
              <![CDATA[Si fue posible realizar scroll en el web element ---> <b> xpath: //input[contains(@name,'password')]]</b>]]>
            </line>
            <line>
              <![CDATA[El texto a ingresar es: a]]>
            </line>
          </reporter-output>
        </test-method> <!-- errorlogin -->
        <test-method signature="login()[pri:0, instance:base.TestOrange@f5acb9d]" started-at="2022-11-02T00:37:35 CST" name="login" finished-at="2022-11-02T00:38:13 CST" duration-ms="37219" status="FAIL">
          <exception class="java.lang.AssertionError">
            <message>
              <![CDATA[El valor es falso]]>
            </message>
            <full-stacktrace>
              <![CDATA[java.lang.AssertionError: El valor es falso
at base.LoginOrangePom.ingresarLogin(LoginOrangePom.java:72)
at base.TestOrange.login(TestOrange.java:48)
at java.base/jdk.internal.reflect.NativeMethodAccessorImpl.invoke0(Native Method)
at java.base/jdk.internal.reflect.NativeMethodAccessorImpl.invoke(NativeMethodAccessorImpl.java:77)
at java.base/jdk.internal.reflect.DelegatingMethodAccessorImpl.invoke(DelegatingMethodAccessorImpl.java:43)
at java.base/java.lang.reflect.Method.invoke(Method.java:568)
at org.testng.internal.MethodInvocationHelper.invokeMethod(MethodInvocationHelper.java:133)
at org.testng.internal.TestInvoker.invokeMethod(TestInvoker.java:598)
at org.testng.internal.TestInvoker.invokeTestMethod(TestInvoker.java:173)
at org.testng.internal.MethodRunner.runInSequence(MethodRunner.java:46)
at org.testng.internal.TestInvoker$MethodInvocationAgent.invoke(TestInvoker.java:824)
at org.testng.internal.TestInvoker.invokeTestMethods(TestInvoker.java:146)
at org.testng.internal.TestMethodWorker.invokeTestMethods(TestMethodWorker.java:146)
at org.testng.internal.TestMethodWorker.run(TestMethodWorker.java:128)
at java.base/java.util.ArrayList.forEach(ArrayList.java:1511)
at org.testng.TestRunner.privateRun(TestRunner.java:794)
at org.testng.TestRunner.run(TestRunner.java:596)
at org.testng.SuiteRunner.runTest(SuiteRunner.java:377)
at org.testng.SuiteRunner.runSequentially(SuiteRunner.java:371)
at org.testng.SuiteRunner.privateRun(SuiteRunner.java:332)
at org.testng.SuiteRunner.run(SuiteRunner.java:276)
at org.testng.SuiteRunnerWorker.runSuite(SuiteRunnerWorker.java:53)
at org.testng.SuiteRunnerWorker.run(SuiteRunnerWorker.java:96)
at org.testng.TestNG.runSuitesSequentially(TestNG.java:1212)
at org.testng.TestNG.runSuitesLocally(TestNG.java:1134)
at org.testng.TestNG.runSuites(TestNG.java:1063)
at org.testng.TestNG.run(TestNG.java:1031)
at org.testng.remote.AbstractRemoteTestNG.run(AbstractRemoteTestNG.java:115)
at org.testng.remote.RemoteTestNG.initAndRun(RemoteTestNG.java:251)
at org.testng.remote.RemoteTestNG.main(RemoteTestNG.java:77)
]]>
            </full-stacktrace>
          </exception> <!-- java.lang.AssertionError -->
          <reporter-output>
            <line>
              <![CDATA[Element is present in the page]]>
            </line>
            <line>
              <![CDATA[Si fue posible realizar scroll en el web element ---> <b> xpath: //input[contains(@name,'username')]]</b>]]>
            </line>
            <line>
              <![CDATA[El texto a ingresar es: Admin]]>
            </line>
            <line>
              <![CDATA[Si fue posible realizar scroll en el web element ---> <b> xpath: //input[contains(@name,'password')]]</b>]]>
            </line>
            <line>
              <![CDATA[El texto a ingresar es: admin123]]>
            </line>
          </reporter-output>
        </test-method> <!-- login -->
        <test-method is-config="true" signature="tearDown()[pri:0, instance:base.TestOrange@f5acb9d]" started-at="2022-11-02T00:38:13 CST" name="tearDown" finished-at="2022-11-02T00:38:13 CST" duration-ms="150" status="PASS">
          <reporter-output>
            <line>
              <![CDATA[el driver se ha cerrado]]>
            </line>
          </reporter-output>
        </test-method> <!-- tearDown -->
      </class> <!-- base.TestOrange -->
    </test> <!-- Default test -->
  </suite> <!-- Default suite -->
</testng-results>
